[2025-07-17 09:43:36] [INFO] User admin logged in successfully
[2025-07-17 09:43:43] [INFO] User admin logged out
[2025-07-17 09:44:58] [WARNING] Login failed for salimi: نام کاربری یا رمز عبور اشتباه است
[2025-07-17 09:45:10] [INFO] User salimi logged in successfully
[2025-07-17 09:45:29] [INFO] User salimi logged out
[2025-07-17 09:48:56] [INFO] User admin logged in successfully
[2025-07-17 09:51:19] [INFO] User salimi logged in successfully
[2025-07-17 09:52:12] [INFO] Message sent: ID 11 from user 3 to user 1
[2025-07-17 09:53:56] [INFO] User admin logged out
[2025-07-17 09:54:01] [INFO] User salimi logged out
[2025-07-17 09:54:43] [INFO] User admin logged in successfully
[2025-07-17 09:55:15] [INFO] User admin logged out
[2025-07-17 09:56:12] [INFO] User admin logged in successfully
[2025-07-17 10:00:20] [INFO] Message sent: ID 12 from user 1 to user 3
[2025-07-17 10:00:44] [INFO] User salimi logged in successfully
[2025-07-17 10:01:57] [INFO] Message sent: ID 13 from user 3 to user 1
[2025-07-17 10:04:40] [INFO] User admin logged out
[2025-07-17 19:03:53] [INFO] User admin logged in successfully
[2025-07-17 19:46:01] [INFO] User admin logged in successfully
[2025-07-17 19:52:10] [INFO] User admin logged in successfully
[2025-07-17 19:54:04] [INFO] User admin logged in successfully
[2025-07-17 19:56:59] [INFO] File uploaded: 1752769619_6879245375fa5_R.png
[2025-07-17 20:00:15] [INFO] File uploaded: 1752769815_68792517ce1e6_photo_2025-07-09_16-24-11.jpg
[2025-07-17 20:03:17] [INFO] User admin logged in successfully
[2025-07-17 20:26:39] [INFO] User admin logged in successfully
[2025-07-17 20:28:09] [INFO] File uploaded: 1752771489_68792ba1d3ded_photo_2025-05-21_23-20-07.jpg
[2025-07-17 20:33:40] [INFO] User admin logged in successfully
[2025-07-17 20:37:34] [INFO] User admin logged in successfully
[2025-07-17 20:39:27] [INFO] User admin logged out
[2025-07-17 20:39:36] [INFO] User salimi logged in successfully
[2025-07-17 20:40:48] [INFO] User salimi logged in successfully
[2025-07-17 20:41:12] [INFO] User admin logged in successfully
[2025-07-17 21:32:45] [INFO] Message sent: ID 15 from user 3 to user 1
[2025-07-17 21:37:46] [INFO] File uploaded: 1752775666_68793bf20062d_1752636251_68771b5b0dabc_Screenshot 2025-07-12 222.png
